<?xml version="1.0" encoding="UTF-8"?>
<!-- Generated by org.testng.reporters.JUnitXMLReporter -->
<testsuite ignored="0" hostname="DESKTOP-AGOQQT3" failures="1" tests="16" name="Test" time="34.102" errors="0" timestamp="2024-08-08T14:08:01 IST">
  <testcase classname="com.acvissnewdashboardtestcase.LoginPageTest" name="loginPageTitleTest" time="0.063"/>
  <testcase classname="com.acvissnewdashboardtestcase.LoginPageTest" name="acvissLogoTest" time="3.037"/>
  <testcase classname="com.acvissnewdashboardtestcase.LoginPageTest" name="logintest" time="0.381"/>
  <testcase classname="com.acvissnewdashboardtestcase.LoginPageTest" name="emptyValidationForUsernameTest" time="0.198"/>
  <testcase classname="com.acvissnewdashboardtestcase.LoginPageTest" name="emptyValidationForPasswordTest" time="0.201"/>
  <testcase classname="com.acvissnewdashboardtestcase.LoginPageTest" name="incorrectUsernameAndPasswordTest" time="0.779"/>
  <testcase classname="com.acvissnewdashboardtestcase.HomePageTestcases" name="homePageTitleTest" time="0.01"/>
  <testcase classname="com.acvissnewdashboardtestcase.HomePageTestcases" name="verifyAcvissLogo" time="0.029"/>
  <testcase classname="com.acvissnewdashboardtestcase.HomePageTestcases" name="userDetails" time="0.024"/>
  <testcase classname="com.acvissnewdashboardtestcase.HomePageTestcases" name="verifyCustomerManagementTest" time="0.299">
    <failure type="org.openqa.selenium.StaleElementReferenceException" message="stale element reference: stale element not found
  (Session info: chrome=127.0.6533.90)
For documentation on this error, please visit: https://www.selenium.dev/documentation/webdriver/troubleshooting/errors#stale-element-reference-exception
Build info: version: &amp;apos;4.14.1&amp;apos;, revision: &amp;apos;03f8ede370&amp;apos;
System info: os.name: &amp;apos;Windows 11&amp;apos;, os.arch: &amp;apos;amd64&amp;apos;, os.version: &amp;apos;10.0&amp;apos;, java.version: &amp;apos;21.0.1&amp;apos;
Driver info: org.openqa.selenium.chrome.ChromeDriver
Command: [c45de148f57a629a93e782679ebe7d03, clickElement {id=f.53480ADC200C4D618303286BF2109C42.d.0A913A76C6782DA1ED1ED07B64E08F09.e.878}]
Capabilities {acceptInsecureCerts: false, browserName: chrome, browserVersion: 127.0.6533.90, chrome: {chromedriverVersion: 127.0.6533.99 (f31af5097d90..., userDataDir: C:\Users\Acviss\AppData\Loc...}, fedcm:accounts: true, goog:chromeOptions: {debuggerAddress: localhost:54425}, networkConnectionEnabled: false, pageLoadStrategy: normal, platformName: windows, proxy: Proxy(), se:cdp: ws://localhost:54425/devtoo..., se:cdpVersion: 127.0.6533.90, setWindowRect: true, strictFileInteractability: false, timeouts: {implicit: 0, pageLoad: 300000, script: 30000}, unhandledPromptBehavior: dismiss and notify, webauthn:extension:credBlob: true, webauthn:extension:largeBlob: true, webauthn:extension:minPinLength: true, webauthn:extension:prf: true, webauthn:virtualAuthenticators: true}
Element: [[ChromeDriver: chrome on windows (c45de148f57a629a93e782679ebe7d03)] -&amp;gt; xpath: //aside/div/div[2]/following::a[2]]
Session ID: c45de148f57a629a93e782679ebe7d03">
      <![CDATA[org.openqa.selenium.StaleElementReferenceException: stale element reference: stale element not found
  (Session info: chrome=127.0.6533.90)
For documentation on this error, please visit: https://www.selenium.dev/documentation/webdriver/troubleshooting/errors#stale-element-reference-exception
Build info: version: '4.14.1', revision: '03f8ede370'
System info: os.name: 'Windows 11', os.arch: 'amd64', os.version: '10.0', java.version: '21.0.1'
Driver info: org.openqa.selenium.chrome.ChromeDriver
Command: [c45de148f57a629a93e782679ebe7d03, clickElement {id=f.53480ADC200C4D618303286BF2109C42.d.0A913A76C6782DA1ED1ED07B64E08F09.e.878}]
Capabilities {acceptInsecureCerts: false, browserName: chrome, browserVersion: 127.0.6533.90, chrome: {chromedriverVersion: 127.0.6533.99 (f31af5097d90..., userDataDir: C:\Users\Acviss\AppData\Loc...}, fedcm:accounts: true, goog:chromeOptions: {debuggerAddress: localhost:54425}, networkConnectionEnabled: false, pageLoadStrategy: normal, platformName: windows, proxy: Proxy(), se:cdp: ws://localhost:54425/devtoo..., se:cdpVersion: 127.0.6533.90, setWindowRect: true, strictFileInteractability: false, timeouts: {implicit: 0, pageLoad: 300000, script: 30000}, unhandledPromptBehavior: dismiss and notify, webauthn:extension:credBlob: true, webauthn:extension:largeBlob: true, webauthn:extension:minPinLength: true, webauthn:extension:prf: true, webauthn:virtualAuthenticators: true}
Element: [[ChromeDriver: chrome on windows (c45de148f57a629a93e782679ebe7d03)] -> xpath: //aside/div/div[2]/following::a[2]]
Session ID: c45de148f57a629a93e782679ebe7d03
at org.openqa.selenium.remote.codec.w3c.W3CHttpResponseCodec.createException(W3CHttpResponseCodec.java:200)
at org.openqa.selenium.remote.codec.w3c.W3CHttpResponseCodec.decode(W3CHttpResponseCodec.java:133)
at org.openqa.selenium.remote.codec.w3c.W3CHttpResponseCodec.decode(W3CHttpResponseCodec.java:52)
at org.openqa.selenium.remote.HttpCommandExecutor.execute(HttpCommandExecutor.java:191)
at org.openqa.selenium.remote.service.DriverCommandExecutor.invokeExecute(DriverCommandExecutor.java:200)
at org.openqa.selenium.remote.service.DriverCommandExecutor.execute(DriverCommandExecutor.java:175)
at org.openqa.selenium.remote.RemoteWebDriver.execute(RemoteWebDriver.java:602)
at org.openqa.selenium.remote.RemoteWebElement.execute(RemoteWebElement.java:224)
at org.openqa.selenium.remote.RemoteWebElement.click(RemoteWebElement.java:77)
at org.openqa.selenium.support.pagefactory.internal.LocatingElementHandler.invoke(LocatingElementHandler.java:51)
at jdk.proxy2/jdk.proxy2.$Proxy15.click(Unknown Source)
at com.newacvissdashboard.pages.Homepage.Click_on_CustomerManagementLink(Homepage.java:103)
at com.acvissnewdashboardtestcase.HomePageTestcases.verifyCustomerManagementTest(HomePageTestcases.java:79)
at java.base/java.util.ArrayList.forEach(ArrayList.java:1596)
... Removed 30 stack frames]]>
    </failure>
  </testcase> <!-- verifyCustomerManagementTest -->
  <testcase classname="com.acvissnewdashboardtestcase.HomePageTestcases" name="verifyCodeManagementTest" time="0.19"/>
  <testcase classname="com.acvissnewdashboardtestcase.HomePageTestcases" name="verifyProductManagement" time="0.106"/>
  <testcase classname="com.acvissnewdashboardtestcase.HomePageTestcases" name="verifyUserManagement" time="0.227"/>
  <testcase classname="com.acvissnewdashboardtestcase.HomePageTestcases" name="verifyVariableData" time="0.093"/>
  <testcase classname="com.acvissnewdashboardtestcase.HomePageTestcases" name="verifyLoyaltySystem" time="0.18"/>
  <testcase classname="com.acvissnewdashboardtestcase.HomePageTestcases" name="verifyLicenceManagement" time="0.174"/>
</testsuite> <!-- Test -->
