<?xml version="1.0" encoding="UTF-8"?>
<testng-results ignored="0" total="5" passed="4" failed="1" skipped="0">
  <reporter-output>
  </reporter-output>
  <suite started-at="2024-08-06T18:47:45 IST" name="Suite" finished-at="2024-08-06T18:48:02 IST" duration-ms="16107">
    <groups>
    </groups>
    <test started-at="2024-08-06T18:47:45 IST" name="Test" finished-at="2024-08-06T18:48:02 IST" duration-ms="16107">
      <class name="com.acvissnewdashboardtestcase.LoginPageTest">
        <test-method is-config="true" signature="setUp()[pri:0, instance:com.acvissnewdashboardtestcase.LoginPageTest@6e2829c7]" started-at="2024-08-06T18:47:45 IST" name="setUp" finished-at="2024-08-06T18:47:48 IST" duration-ms="2229" status="PASS">
          <reporter-output>
          </reporter-output>
        </test-method> <!-- setUp -->
        <test-method signature="loginPageTitleTest()[pri:1, instance:com.acvissnewdashboardtestcase.LoginPageTest@6e2829c7]" started-at="2024-08-06T18:47:48 IST" name="loginPageTitleTest" finished-at="2024-08-06T18:47:48 IST" duration-ms="71" status="PASS">
          <reporter-output>
          </reporter-output>
        </test-method> <!-- loginPageTitleTest -->
        <test-method is-config="true" signature="tearDown()[pri:0, instance:com.acvissnewdashboardtestcase.LoginPageTest@6e2829c7]" started-at="2024-08-06T18:47:48 IST" name="tearDown" finished-at="2024-08-06T18:47:49 IST" duration-ms="1157" status="PASS">
          <reporter-output>
          </reporter-output>
        </test-method> <!-- tearDown -->
        <test-method is-config="true" signature="setUp()[pri:0, instance:com.acvissnewdashboardtestcase.LoginPageTest@6e2829c7]" started-at="2024-08-06T18:47:49 IST" name="setUp" finished-at="2024-08-06T18:47:50 IST" duration-ms="1449" status="PASS">
          <reporter-output>
          </reporter-output>
        </test-method> <!-- setUp -->
        <test-method signature="acvissLogoTest()[pri:2, instance:com.acvissnewdashboardtestcase.LoginPageTest@6e2829c7]" started-at="2024-08-06T18:47:50 IST" name="acvissLogoTest" finished-at="2024-08-06T18:47:51 IST" duration-ms="60" status="FAIL">
          <exception class="java.lang.AssertionError">
            <message>
              <![CDATA[expected [true] but found [false]]]>
            </message>
            <full-stacktrace>
              <![CDATA[java.lang.AssertionError: expected [true] but found [false]
at org.testng.Assert.fail(Assert.java:99)
at org.testng.Assert.failNotEquals(Assert.java:1037)
at org.testng.Assert.assertTrue(Assert.java:45)
at org.testng.Assert.assertTrue(Assert.java:55)
at com.acvissnewdashboardtestcase.LoginPageTest.acvissLogoTest(LoginPageTest.java:37)
at java.base/jdk.internal.reflect.DirectMethodHandleAccessor.invoke(DirectMethodHandleAccessor.java:103)
at java.base/java.lang.reflect.Method.invoke(Method.java:580)
at org.testng.internal.MethodInvocationHelper.invokeMethod(MethodInvocationHelper.java:133)
at org.testng.internal.TestInvoker.invokeMethod(TestInvoker.java:598)
at org.testng.internal.TestInvoker.invokeTestMethod(TestInvoker.java:173)
at org.testng.internal.MethodRunner.runInSequence(MethodRunner.java:46)
at org.testng.internal.TestInvoker$MethodInvocationAgent.invoke(TestInvoker.java:824)
at org.testng.internal.TestInvoker.invokeTestMethods(TestInvoker.java:146)
at org.testng.internal.TestMethodWorker.invokeTestMethods(TestMethodWorker.java:146)
at org.testng.internal.TestMethodWorker.run(TestMethodWorker.java:128)
at java.base/java.util.ArrayList.forEach(ArrayList.java:1596)
at org.testng.TestRunner.privateRun(TestRunner.java:794)
at org.testng.TestRunner.run(TestRunner.java:596)
at org.testng.SuiteRunner.runTest(SuiteRunner.java:377)
at org.testng.SuiteRunner.runSequentially(SuiteRunner.java:371)
at org.testng.SuiteRunner.privateRun(SuiteRunner.java:332)
at org.testng.SuiteRunner.run(SuiteRunner.java:276)
at org.testng.SuiteRunnerWorker.runSuite(SuiteRunnerWorker.java:53)
at org.testng.SuiteRunnerWorker.run(SuiteRunnerWorker.java:96)
at org.testng.TestNG.runSuitesSequentially(TestNG.java:1212)
at org.testng.TestNG.runSuitesLocally(TestNG.java:1134)
at org.testng.TestNG.runSuites(TestNG.java:1063)
at org.testng.TestNG.run(TestNG.java:1031)
at org.testng.remote.AbstractRemoteTestNG.run(AbstractRemoteTestNG.java:115)
at org.testng.remote.RemoteTestNG.initAndRun(RemoteTestNG.java:293)
at org.testng.remote.RemoteTestNG.main(RemoteTestNG.java:91)
]]>
            </full-stacktrace>
          </exception> <!-- java.lang.AssertionError -->
          <reporter-output>
          </reporter-output>
        </test-method> <!-- acvissLogoTest -->
        <test-method is-config="true" signature="tearDown()[pri:0, instance:com.acvissnewdashboardtestcase.LoginPageTest@6e2829c7]" started-at="2024-08-06T18:47:51 IST" name="tearDown" finished-at="2024-08-06T18:47:52 IST" duration-ms="1162" status="PASS">
          <reporter-output>
          </reporter-output>
        </test-method> <!-- tearDown -->
        <test-method is-config="true" signature="setUp()[pri:0, instance:com.acvissnewdashboardtestcase.LoginPageTest@6e2829c7]" started-at="2024-08-06T18:47:52 IST" name="setUp" finished-at="2024-08-06T18:47:53 IST" duration-ms="1372" status="PASS">
          <reporter-output>
          </reporter-output>
        </test-method> <!-- setUp -->
        <test-method signature="emptyValidationForUsernameTest()[pri:4, instance:com.acvissnewdashboardtestcase.LoginPageTest@6e2829c7]" started-at="2024-08-06T18:47:53 IST" name="emptyValidationForUsernameTest" finished-at="2024-08-06T18:47:53 IST" duration-ms="208" status="PASS">
          <reporter-output>
          </reporter-output>
        </test-method> <!-- emptyValidationForUsernameTest -->
        <test-method is-config="true" signature="tearDown()[pri:0, instance:com.acvissnewdashboardtestcase.LoginPageTest@6e2829c7]" started-at="2024-08-06T18:47:53 IST" name="tearDown" finished-at="2024-08-06T18:47:54 IST" duration-ms="1158" status="PASS">
          <reporter-output>
          </reporter-output>
        </test-method> <!-- tearDown -->
        <test-method is-config="true" signature="setUp()[pri:0, instance:com.acvissnewdashboardtestcase.LoginPageTest@6e2829c7]" started-at="2024-08-06T18:47:54 IST" name="setUp" finished-at="2024-08-06T18:47:56 IST" duration-ms="1483" status="PASS">
          <reporter-output>
          </reporter-output>
        </test-method> <!-- setUp -->
        <test-method signature="emptyValidationForPasswordTest()[pri:5, instance:com.acvissnewdashboardtestcase.LoginPageTest@6e2829c7]" started-at="2024-08-06T18:47:56 IST" name="emptyValidationForPasswordTest" finished-at="2024-08-06T18:47:56 IST" duration-ms="186" status="PASS">
          <reporter-output>
          </reporter-output>
        </test-method> <!-- emptyValidationForPasswordTest -->
        <test-method is-config="true" signature="tearDown()[pri:0, instance:com.acvissnewdashboardtestcase.LoginPageTest@6e2829c7]" started-at="2024-08-06T18:47:56 IST" name="tearDown" finished-at="2024-08-06T18:47:57 IST" duration-ms="1128" status="PASS">
          <reporter-output>
          </reporter-output>
        </test-method> <!-- tearDown -->
        <test-method is-config="true" signature="setUp()[pri:0, instance:com.acvissnewdashboardtestcase.LoginPageTest@6e2829c7]" started-at="2024-08-06T18:47:57 IST" name="setUp" finished-at="2024-08-06T18:47:59 IST" duration-ms="2097" status="PASS">
          <reporter-output>
          </reporter-output>
        </test-method> <!-- setUp -->
        <test-method signature="incorrectUsernameAndPasswordTest()[pri:6, instance:com.acvissnewdashboardtestcase.LoginPageTest@6e2829c7]" started-at="2024-08-06T18:47:59 IST" name="incorrectUsernameAndPasswordTest" finished-at="2024-08-06T18:48:00 IST" duration-ms="1053" status="PASS">
          <reporter-output>
          </reporter-output>
        </test-method> <!-- incorrectUsernameAndPasswordTest -->
        <test-method is-config="true" signature="tearDown()[pri:0, instance:com.acvissnewdashboardtestcase.LoginPageTest@6e2829c7]" started-at="2024-08-06T18:48:00 IST" name="tearDown" finished-at="2024-08-06T18:48:02 IST" duration-ms="1156" status="PASS">
          <reporter-output>
          </reporter-output>
        </test-method> <!-- tearDown -->
      </class> <!-- com.acvissnewdashboardtestcase.LoginPageTest -->
    </test> <!-- Test -->
  </suite> <!-- Suite -->
</testng-results>
